#
# A fatal error has been detected by the Java Runtime Environment:
#
#  SIGSEGV (0xb) at pc=0x00007fff6d87ff54, pid=3081, tid=44551
#
# JRE version: 7.0_25-b15
# Java VM: Java HotSpot(TM) 64-Bit Server VM (23.25-b01 mixed mode bsd-amd64 compressed oops)
# Problematic frame:
# C  0x00007fff6d87ff54
#
# Failed to write core dump. Core dumps have been disabled. To enable core dumping, try "ulimit -c unlimited" before starting Java again
#
# If you would like to submit a bug report, please visit:
#   http://bugreport.sun.com/bugreport/crash.jsp
#

---------------  T H R E A D  ---------------

Current thread (0x00007fddab8bc800):  JavaThread "Java2D Queue Flusher" daemon [_thread_in_vm, id=44551, stack(0x0000000113426000,0x0000000113526000)]

siginfo:si_signo=SIGSEGV: si_errno=0, si_code=1 (SEGV_MAPERR), si_addr=0x0000000113528008

Registers:
RAX=0x0000000000000000, RBX=0x0000000113525433, RCX=0x0000000000000013, RDX=0xffffffffffffffff
RSP=0x0000000113525400, RBP=0x0000000113525470, RSI=0x0000000080060000, RDI=0x0000000113525433
R8 =0x0000000000000001, R9 =0x0000000000000000, R10=0x0000000000000001, R11=0x0000000000000202
R12=0x00007fff6d88a259, R13=0x0000000113528000, R14=0x0000000000000030, R15=0x00007fff6d88a25a
RIP=0x00007fff6d87ff54, EFLAGS=0x0000000000010246, ERR=0x0000000000000004
  TRAPNO=0x000000000000000e

Top of Stack: (sp=0x0000000113525400)
0x0000000113525400:   00000001135255c0 fffffffe08f35100
0x0000000113525410:   0000000000000000 0000000113525433
0x0000000113525420:   00007fddab8bc800 0000000000000000
0x0000000113525430:   6164646637000001 0030383831306661
0x0000000113525440:   00007fddaae144d0 00007fff6d885e86
0x0000000113525450:   0000000113528000 0000000000000000
0x0000000113525460:   0000000000000000 0000000000000070
0x0000000113525470:   00000001135254e0 00007fff6d87f21f
0x0000000113525480:   0000000100000001 00000001135254e8
0x0000000113525490:   00007fff6d895510 00000001135255b0
0x00000001135254a0:   0000000000000000 00007fff6d885e87
0x00000001135254b0:   00007fff6d885e86 0000000113528000
0x00000001135254c0:   00007fff6d895510 00000001093218f8
0x00000001135254d0:   00007fff6d885e80 00007fff6d895510
0x00000001135254e0:   00000001135254f0 00007fff6d87f91a
0x00000001135254f0:   00000001135255f0 00007fff6d85e63f
0x0000000113525500:   0000000113525510 00007fddaaf01880
0x0000000113525510:   00007fddaae13710 f800fdc3fd0ecd37
0x0000000113525520:   00000001135255b8 0000000113525650
0x0000000113525530:   0000000113525550 0000000108d7f4d9
0x0000000113525540:   0000000000000000 00007fddaae144e8
0x0000000113525550:   0000000113525570 0000000108f36302
0x0000000113525560:   00007fddaae144d8 00007fddaae144d0
0x0000000113525570:   0000000113525710 0000000108f37726
0x0000000113525580:   00007fddab8bc800 0000000108f34270
0x0000000113525590:   0100fdc3fd0ecd37 0000000113525800
0x00000001135255a0:   00007fddaae144c8 00007fddab8bc800
0x00000001135255b0:   0000003000000010 0000000113525600
0x00000001135255c0:   0000000113525500 f800fdc3fd0ecd37
0x00000001135255d0:   f800fdc3fd0ecd37 0000000113525600
0x00000001135255e0:   00007fddaae13710 00007fddaaf01880
0x00000001135255f0:   0000000113525680 00007fff6d8696d1 

Instructions: (pc=0x00007fff6d87ff54)
0x00007fff6d87ff34:   41 ff 55 20 49 8b 45 08 48 8d 48 01 49 89 4d 08
0x00007fff6d87ff44:   44 88 30 44 8a 33 48 ff c3 45 84 f6 75 d5 eb 20
0x00007fff6d87ff54:   49 8b 45 08 49 3b 45 10 72 0b 4c 89 ef 41 ff 55
0x00007fff6d87ff64:   20 49 8b 45 08 48 8d 48 01 49 89 4d 08 44 88 30 

Register to memory mapping:

RAX=0x0000000000000000 is an unknown value
RBX=0x0000000113525433 is pointing into the stack for thread: 0x00007fddab8bc800
RCX=0x0000000000000013 is an unknown value
RDX=0xffffffffffffffff is an unknown value
RSP=0x0000000113525400 is pointing into the stack for thread: 0x00007fddab8bc800
RBP=0x0000000113525470 is pointing into the stack for thread: 0x00007fddab8bc800
RSI=0x0000000080060000 is an unknown value
RDI=0x0000000113525433 is pointing into the stack for thread: 0x00007fddab8bc800
R8 =0x0000000000000001 is an unknown value
R9 =0x0000000000000000 is an unknown value
R10=0x0000000000000001 is an unknown value
R11=0x0000000000000202 is an unknown value
R12=0x00007fff6d88a259 is an unknown value
R13=0x0000000113528000 is an unknown value
R14=0x0000000000000030 is an unknown value
R15=0x00007fff6d88a25a is an unknown value


Stack: [0x0000000113426000,0x0000000113526000],  sp=0x0000000113525400,  free space=1021k
Native frames: (J=compiled Java code, j=interpreted, Vv=VM code, C=native code)
C  0x00007fff6d87ff54
C  0x00007fff6d87f21f
C  0x00007fff6d87f91a
C  0x00007fff6d85e63f
C  0x00007fff6d8696d1
C  [libdyld.dylib+0x28f5]  dlsym+0x48
V  [libjvm.dylib+0x39bcae]
V  [libjvm.dylib+0x39c1a6]
V  [libjvm.dylib+0x39c43d]
V  [libjvm.dylib+0x39c4d2]
V  [libjvm.dylib+0x284c50]
j  sun.java2d.opengl.OGLRenderQueue.flushBuffer(JI)V+0
j  sun.java2d.opengl.OGLRenderQueue.flushBuffer()V+21
j  sun.java2d.opengl.OGLRenderQueue.access$100(Lsun/java2d/opengl/OGLRenderQueue;)V+1
j  sun.java2d.opengl.OGLRenderQueue$QueueFlusher.run()V+81
v  ~StubRoutines::call_stub
V  [libjvm.dylib+0x28a5c3]
V  [libjvm.dylib+0x28aaa2]
V  [libjvm.dylib+0x28abdc]
V  [libjvm.dylib+0x2c1868]
V  [libjvm.dylib+0x47cbd8]
V  [libjvm.dylib+0x47e0ca]
V  [libjvm.dylib+0x3b95f9]
C  [libsystem_pthread.dylib+0x3268]  _pthread_body+0x83
C  [libsystem_pthread.dylib+0x31e5]  _pthread_body+0x0
C  [libsystem_pthread.dylib+0x141d]  thread_start+0xd

Java frames: (J=compiled Java code, j=interpreted, Vv=VM code)
j  sun.java2d.opengl.OGLRenderQueue.flushBuffer(JI)V+0
j  sun.java2d.opengl.OGLRenderQueue.flushBuffer()V+21
j  sun.java2d.opengl.OGLRenderQueue.access$100(Lsun/java2d/opengl/OGLRenderQueue;)V+1
j  sun.java2d.opengl.OGLRenderQueue$QueueFlusher.run()V+81
v  ~StubRoutines::call_stub

---------------  P R O C E S S  ---------------

Java Threads: ( => current thread )
=>0x00007fddab8bc800 JavaThread "Java2D Queue Flusher" daemon [_thread_in_vm, id=44551, stack(0x0000000113426000,0x0000000113526000)]
  0x00007fddac89d800 JavaThread "AWT-Shutdown" [_thread_blocked, id=15623, stack(0x000000010f055000,0x000000010f155000)]
  0x00007fddac89a000 JavaThread "AppKit Thread" daemon [_thread_in_native, id=1811, stack(0x00007fff578df000,0x00007fff5795f000)]
  0x00007fddac851000 JavaThread "Service Thread" daemon [_thread_blocked, id=13827, stack(0x000000010eb9e000,0x000000010ec9e000)]
  0x00007fddac850800 JavaThread "C2 CompilerThread1" daemon [_thread_blocked, id=13571, stack(0x000000010ea9b000,0x000000010eb9b000)]
  0x00007fddac84f800 JavaThread "C2 CompilerThread0" daemon [_thread_blocked, id=13079, stack(0x000000010e998000,0x000000010ea98000)]
  0x00007fddac84a800 JavaThread "Signal Dispatcher" daemon [_thread_blocked, id=9491, stack(0x000000010e895000,0x000000010e995000)]
  0x00007fddac00d800 JavaThread "Finalizer" daemon [_thread_blocked, id=8707, stack(0x000000010ce6d000,0x000000010cf6d000)]
  0x00007fddac00d000 JavaThread "Reference Handler" daemon [_thread_blocked, id=8451, stack(0x000000010cd6a000,0x000000010ce6a000)]
  0x00007fddac000800 JavaThread "main" [_thread_blocked, id=4355, stack(0x00000001096aa000,0x00000001097aa000)]

Other Threads:
  0x00007fddab80f800 VMThread [stack: 0x000000010cc67000,0x000000010cd67000] [id=8195]
  0x00007fddac847000 WatcherThread [stack: 0x000000010eca1000,0x000000010eda1000] [id=14083]

VM state:not at safepoint (normal execution)

VM Mutex/Monitor currently owned by a thread: None

Heap
 def new generation   total 6464K, used 2262K [0x00000007e5c00000, 0x00000007e6300000, 0x00000007ecca0000)
  eden space 5760K,  39% used [0x00000007e5c00000, 0x00000007e5e35a20, 0x00000007e61a0000)
  from space 704K,   0% used [0x00000007e61a0000, 0x00000007e61a0000, 0x00000007e6250000)
  to   space 704K,   0% used [0x00000007e6250000, 0x00000007e6250000, 0x00000007e6300000)
 tenured generation   total 14464K, used 0K [0x00000007ecca0000, 0x00000007edac0000, 0x00000007fae00000)
   the space 14464K,   0% used [0x00000007ecca0000, 0x00000007ecca0000, 0x00000007ecca0200, 0x00000007edac0000)
 compacting perm gen  total 21248K, used 6154K [0x00000007fae00000, 0x00000007fc2c0000, 0x0000000800000000)
   the space 21248K,  28% used [0x00000007fae00000, 0x00000007fb402b30, 0x00000007fb402c00, 0x00000007fc2c0000)
No shared spaces configured.

Card table byte_map: [0x000000010c875000,0x000000010c948000] byte_map_base: 0x0000000108947000

Polling page: 0x00000001083f3000

Code Cache  [0x00000001097b5000, 0x0000000109a25000, 0x000000010c7b5000)
 total_blobs=289 nmethods=9 adapters=233 free_code_cache=48705Kb largest_free_block=49863680

Compilation events (10 events):
Event: 0.366 Thread 0x00007fddac84f800    5             java.lang.String::lastIndexOf (52 bytes)
Event: 0.367 Thread 0x00007fddac850800    6             java.io.UnixFileSystem::normalize (75 bytes)
Event: 0.370 Thread 0x00007fddac84f800 nmethod 5 0x000000010981d750 code [0x000000010981d8a0, 0x000000010981da28]
Event: 0.372 Thread 0x00007fddac84f800    7             sun.nio.cs.UTF_8$Encoder::encode (361 bytes)
Event: 0.373 Thread 0x00007fddac850800 nmethod 6 0x000000010981bcd0 code [0x000000010981be40, 0x000000010981c098]
Event: 0.380 Thread 0x00007fddac850800    8             java.lang.String::indexOf (166 bytes)
Event: 0.387 Thread 0x00007fddac84f800 nmethod 7 0x000000010981e6d0 code [0x000000010981e860, 0x000000010981efb8]
Event: 0.392 Thread 0x00007fddac850800 nmethod 8 0x000000010981df10 code [0x000000010981e060, 0x000000010981e4b8]
Event: 0.454 Thread 0x00007fddac84f800    9             java.lang.String::equals (81 bytes)
Event: 0.464 Thread 0x00007fddac84f800 nmethod 9 0x0000000109826f10 code [0x0000000109827060, 0x00000001098272d8]

GC Heap History (0 events):
No events

Deoptimization events (0 events):
No events

Internal exceptions (10 events):
Event: 0.383 Thread 0x00007fddac000800 Threw 0x00000007e5db8150 at /HUDSON/workspace/jdk7u25-2-build-macosx-amd64-product/jdk7u25/hotspot/src/share/vm/prims/jvm.cpp:1235
Event: 0.384 Thread 0x00007fddac000800 Threw 0x00000007e5dbc550 at /HUDSON/workspace/jdk7u25-2-build-macosx-amd64-product/jdk7u25/hotspot/src/share/vm/prims/jvm.cpp:1235
Event: 0.385 Thread 0x00007fddac000800 Threw 0x00000007e5dbf9a8 at /HUDSON/workspace/jdk7u25-2-build-macosx-amd64-product/jdk7u25/hotspot/src/share/vm/prims/jvm.cpp:1235
Event: 0.387 Thread 0x00007fddac000800 Threw 0x00000007e5dc65b0 at /HUDSON/workspace/jdk7u25-2-build-macosx-amd64-product/jdk7u25/hotspot/src/share/vm/prims/jvm.cpp:1235
Event: 0.431 Thread 0x00007fddac000800 Threw 0x00000007e5df9c40 at /HUDSON/workspace/jdk7u25-2-build-macosx-amd64-product/jdk7u25/hotspot/src/share/vm/prims/jvm.cpp:1235
Event: 0.433 Thread 0x00007fddac000800 Threw 0x00000007e5e03818 at /HUDSON/workspace/jdk7u25-2-build-macosx-amd64-product/jdk7u25/hotspot/src/share/vm/prims/jvm.cpp:1235
Event: 0.434 Thread 0x00007fddac000800 Threw 0x00000007e5e08998 at /HUDSON/workspace/jdk7u25-2-build-macosx-amd64-product/jdk7u25/hotspot/src/share/vm/prims/jvm.cpp:1235
Event: 0.435 Thread 0x00007fddac000800 Threw 0x00000007e5e0a9c0 at /HUDSON/workspace/jdk7u25-2-build-macosx-amd64-product/jdk7u25/hotspot/src/share/vm/prims/jvm.cpp:1235
Event: 0.438 Thread 0x00007fddac000800 Threw 0x00000007e5e18070 at /HUDSON/workspace/jdk7u25-2-build-macosx-amd64-product/jdk7u25/hotspot/src/share/vm/prims/jvm.cpp:1235
Event: 0.438 Thread 0x00007fddac000800 Threw 0x00000007e5e1a870 at /HUDSON/workspace/jdk7u25-2-build-macosx-amd64-product/jdk7u25/hotspot/src/share/vm/prims/jvm.cpp:1235

Events (10 events):
Event: 0.467 loading class 0x00007fddaad84280 done
Event: 0.467 loading class 0x00007fddaad8a3d0
Event: 0.467 loading class 0x00007fddaad8a3d0 done
Event: 0.467 loading class 0x00007fddaad8a400
Event: 0.467 loading class 0x00007fddaad8a400 done
Event: 0.467 Thread 0x00007fddab8bc800 Thread added: 0x00007fddab8bc800
Event: 0.467 loading class 0x00007fddaafaeb20
Event: 0.467 loading class 0x00007fddaad8ed60
Event: 0.467 loading class 0x00007fddaad8ed60 done
Event: 0.467 loading class 0x00007fddaafaeb20 done


Dynamic libraries:
0x00000000091b5000 	/System/Library/Frameworks/Cocoa.framework/Versions/A/Cocoa
0x00000000091b5000 	/System/Library/Frameworks/Security.framework/Versions/A/Security
0x00000000091b5000 	/System/Library/Frameworks/ApplicationServices.framework/Versions/A/ApplicationServices
0x00000000091b5000 	/usr/lib/libz.1.dylib
0x00000000091b5000 	/usr/lib/libSystem.B.dylib
0x00000000091b5000 	/usr/lib/libobjc.A.dylib
0x00000000091b5000 	/System/Library/Frameworks/CoreFoundation.framework/Versions/A/CoreFoundation
0x00000000091b5000 	/System/Library/Frameworks/AppKit.framework/Versions/C/AppKit
0x00000000091b5000 	/System/Library/Frameworks/CoreData.framework/Versions/A/CoreData
0x00000000091b5000 	/System/Library/Frameworks/Foundation.framework/Versions/C/Foundation
0x00000000091b5000 	/System/Library/PrivateFrameworks/RemoteViewServices.framework/Versions/A/RemoteViewServices
0x00000000091b5000 	/System/Library/PrivateFrameworks/UIFoundation.framework/Versions/A/UIFoundation
0x00000000091b5000 	/System/Library/Frameworks/IOSurface.framework/Versions/A/IOSurface
0x00000000091b5000 	/System/Library/Frameworks/AudioToolbox.framework/Versions/A/AudioToolbox
0x00000000091b5000 	/System/Library/Frameworks/AudioUnit.framework/Versions/A/AudioUnit
0x00000000091b5000 	/System/Library/PrivateFrameworks/DataDetectorsCore.framework/Versions/A/DataDetectorsCore
0x00000000091b5000 	/System/Library/PrivateFrameworks/DesktopServicesPriv.framework/Versions/A/DesktopServicesPriv
0x00000000091b5000 	/System/Library/Frameworks/Carbon.framework/Versions/A/Frameworks/HIToolbox.framework/Versions/A/HIToolbox
0x00000000091b5000 	/System/Library/Frameworks/QuartzCore.framework/Versions/A/QuartzCore
0x00000000091b5000 	/System/Library/Frameworks/Carbon.framework/Versions/A/Frameworks/SpeechRecognition.framework/Versions/A/SpeechRecognition
0x00000000091b5000 	/usr/lib/libauto.dylib
0x00000000091b5000 	/usr/lib/libicucore.A.dylib
0x00000000091b5000 	/usr/lib/libxml2.2.dylib
0x00000000091b5000 	/System/Library/PrivateFrameworks/CoreUI.framework/Versions/A/CoreUI
0x00000000091b5000 	/System/Library/Frameworks/CoreAudio.framework/Versions/A/CoreAudio
0x00000000091b5000 	/System/Library/Frameworks/DiskArbitration.framework/Versions/A/DiskArbitration
0x00000000091b5000 	/usr/lib/liblangid.dylib
0x00000000091b5000 	/System/Library/PrivateFrameworks/MultitouchSupport.framework/Versions/A/MultitouchSupport
0x00000000091b5000 	/System/Library/Frameworks/IOKit.framework/Versions/A/IOKit
0x00000000091b5000 	/usr/lib/libDiagnosticMessagesClient.dylib
0x00000000091b5000 	/System/Library/Frameworks/CoreServices.framework/Versions/A/CoreServices
0x00000000091b5000 	/System/Library/PrivateFrameworks/PerformanceAnalysis.framework/Versions/A/PerformanceAnalysis
0x00000000091b5000 	/System/Library/PrivateFrameworks/GenerationalStorage.framework/Versions/A/GenerationalStorage
0x00000000091b5000 	/System/Library/Frameworks/OpenGL.framework/Versions/A/OpenGL
0x00000000091b5000 	/System/Library/PrivateFrameworks/Sharing.framework/Versions/A/Sharing
0x00000000091b5000 	/System/Library/Frameworks/CoreGraphics.framework/Versions/A/CoreGraphics
0x00000000091b5000 	/System/Library/Frameworks/CoreText.framework/Versions/A/CoreText
0x00000000091b5000 	/System/Library/Frameworks/ImageIO.framework/Versions/A/ImageIO
0x00000000091b5000 	/usr/lib/libextension.dylib
0x00000000091b5000 	/System/Library/PrivateFrameworks/Backup.framework/Versions/A/Backup
0x00000000091b5000 	/usr/lib/libarchive.2.dylib
0x00000000091b5000 	/System/Library/Frameworks/CFNetwork.framework/Versions/A/CFNetwork
0x00000000091b5000 	/System/Library/Frameworks/SystemConfiguration.framework/Versions/A/SystemConfiguration
0x00000000091b5000 	/usr/lib/libCRFSuite.dylib
0x00000000091b5000 	/usr/lib/libc++.1.dylib
0x00000000091b5000 	/usr/lib/libc++abi.dylib
0x00000000091b5000 	/usr/lib/system/libcache.dylib
0x00000000091b5000 	/usr/lib/system/libcommonCrypto.dylib
0x00000000091b5000 	/usr/lib/system/libcompiler_rt.dylib
0x00000000091b5000 	/usr/lib/system/libcopyfile.dylib
0x00000000091b5000 	/usr/lib/system/libcorecrypto.dylib
0x00000000091b5000 	/usr/lib/system/libdispatch.dylib
0x00000000091b5000 	/usr/lib/system/libdyld.dylib
0x00000000091b5000 	/usr/lib/system/libkeymgr.dylib
0x00000000091b5000 	/usr/lib/system/liblaunch.dylib
0x00000000091b5000 	/usr/lib/system/libmacho.dylib
0x00000000091b5000 	/usr/lib/system/libquarantine.dylib
0x00000000091b5000 	/usr/lib/system/libremovefile.dylib
0x00000000091b5000 	/usr/lib/system/libsystem_asl.dylib
0x00000000091b5000 	/usr/lib/system/libsystem_blocks.dylib
0x00000000091b5000 	/usr/lib/system/libsystem_c.dylib
0x00000000091b5000 	/usr/lib/system/libsystem_configuration.dylib
0x00000000091b5000 	/usr/lib/system/libsystem_coreservices.dylib
0x00000000091b5000 	/usr/lib/system/libsystem_coretls.dylib
0x00000000091b5000 	/usr/lib/system/libsystem_dnssd.dylib
0x00000000091b5000 	/usr/lib/system/libsystem_info.dylib
0x00000000091b5000 	/usr/lib/system/libsystem_kernel.dylib
0x00000000091b5000 	/usr/lib/system/libsystem_m.dylib
0x00000000091b5000 	/usr/lib/system/libsystem_malloc.dylib
0x00000000091b5000 	/usr/lib/system/libsystem_network.dylib
0x00000000091b5000 	/usr/lib/system/libsystem_networkextension.dylib
0x00000000091b5000 	/usr/lib/system/libsystem_notify.dylib
0x00000000091b5000 	/usr/lib/system/libsystem_platform.dylib
0x00000000091b5000 	/usr/lib/system/libsystem_pthread.dylib
0x00000000091b5000 	/usr/lib/system/libsystem_sandbox.dylib
0x00000000091b5000 	/usr/lib/system/libsystem_secinit.dylib
0x00000000091b5000 	/usr/lib/system/libsystem_stats.dylib
0x00000000091b5000 	/usr/lib/system/libsystem_trace.dylib
0x00000000091b5000 	/usr/lib/system/libunc.dylib
0x00000000091b5000 	/usr/lib/system/libunwind.dylib
0x00000000091b5000 	/usr/lib/system/libxpc.dylib
0x00000000091b5000 	/usr/lib/libbz2.1.0.dylib
0x00000000091b5000 	/usr/lib/liblzma.5.dylib
0x00000000091b5000 	/usr/lib/libbsm.0.dylib
0x00000000091b5000 	/usr/lib/libsqlite3.dylib
0x00000000091b5000 	/usr/lib/system/libkxld.dylib
0x00000000091b5000 	/usr/lib/libxar.1.dylib
0x00000000091b5000 	/usr/lib/libpam.2.dylib
0x00000000091b5000 	/usr/lib/libOpenScriptingUtil.dylib
0x00000000091b5000 	/System/Library/Frameworks/CoreServices.framework/Versions/A/Frameworks/FSEvents.framework/Versions/A/FSEvents
0x00000000091b5000 	/System/Library/Frameworks/CoreServices.framework/Versions/A/Frameworks/CarbonCore.framework/Versions/A/CarbonCore
0x00000000091b5000 	/System/Library/Frameworks/CoreServices.framework/Versions/A/Frameworks/Metadata.framework/Versions/A/Metadata
0x00000000091b5000 	/System/Library/Frameworks/CoreServices.framework/Versions/A/Frameworks/OSServices.framework/Versions/A/OSServices
0x00000000091b5000 	/System/Library/Frameworks/CoreServices.framework/Versions/A/Frameworks/SearchKit.framework/Versions/A/SearchKit
0x00000000091b5000 	/System/Library/Frameworks/CoreServices.framework/Versions/A/Frameworks/AE.framework/Versions/A/AE
0x00000000091b5000 	/System/Library/Frameworks/CoreServices.framework/Versions/A/Frameworks/LaunchServices.framework/Versions/A/LaunchServices
0x00000000091b5000 	/System/Library/Frameworks/CoreServices.framework/Versions/A/Frameworks/DictionaryServices.framework/Versions/A/DictionaryServices
0x00000000091b5000 	/System/Library/Frameworks/NetFS.framework/Versions/A/NetFS
0x00000000091b5000 	/System/Library/PrivateFrameworks/NetAuth.framework/Versions/A/NetAuth
0x00000000091b5000 	/System/Library/PrivateFrameworks/login.framework/Versions/A/Frameworks/loginsupport.framework/Versions/A/loginsupport
0x00000000091b5000 	/System/Library/PrivateFrameworks/TCC.framework/Versions/A/TCC
0x00000000091b5000 	/usr/lib/libmecabra.dylib
0x00000000091b5000 	/System/Library/Frameworks/ApplicationServices.framework/Versions/A/Frameworks/ATS.framework/Versions/A/ATS
0x00000000091b5000 	/System/Library/Frameworks/ApplicationServices.framework/Versions/A/Frameworks/ColorSync.framework/Versions/A/ColorSync
0x00000000091b5000 	/System/Library/Frameworks/ApplicationServices.framework/Versions/A/Frameworks/HIServices.framework/Versions/A/HIServices
0x00000000091b5000 	/System/Library/Frameworks/ApplicationServices.framework/Versions/A/Frameworks/LangAnalysis.framework/Versions/A/LangAnalysis
0x00000000091b5000 	/System/Library/Frameworks/ApplicationServices.framework/Versions/A/Frameworks/PrintCore.framework/Versions/A/PrintCore
0x00000000091b5000 	/System/Library/Frameworks/ApplicationServices.framework/Versions/A/Frameworks/QD.framework/Versions/A/QD
0x00000000091b5000 	/System/Library/Frameworks/ApplicationServices.framework/Versions/A/Frameworks/SpeechSynthesis.framework/Versions/A/SpeechSynthesis
0x00000000091b5000 	/System/Library/Frameworks/Accelerate.framework/Versions/A/Accelerate
0x00000000091b5000 	/System/Library/Frameworks/Accelerate.framework/Versions/A/Frameworks/vImage.framework/Versions/A/vImage
0x00000000091b5000 	/System/Library/Frameworks/Accelerate.framework/Versions/A/Frameworks/vecLib.framework/Versions/A/vecLib
0x00000000091b5000 	/System/Library/Frameworks/Accelerate.framework/Versions/A/Frameworks/vecLib.framework/Versions/A/libvDSP.dylib
0x00000000091b5000 	/System/Library/Frameworks/Accelerate.framework/Versions/A/Frameworks/vecLib.framework/Versions/A/libvMisc.dylib
0x00000000091b5000 	/System/Library/Frameworks/Accelerate.framework/Versions/A/Frameworks/vecLib.framework/Versions/A/libLAPACK.dylib
0x00000000091b5000 	/System/Library/Frameworks/Accelerate.framework/Versions/A/Frameworks/vecLib.framework/Versions/A/libBLAS.dylib
0x00000000091b5000 	/System/Library/Frameworks/Accelerate.framework/Versions/A/Frameworks/vecLib.framework/Versions/A/libLinearAlgebra.dylib
0x00000000091b5000 	/System/Library/Frameworks/ApplicationServices.framework/Versions/A/Frameworks/ATS.framework/Versions/A/Resources/libFontParser.dylib
0x00000000091b5000 	/System/Library/Frameworks/ApplicationServices.framework/Versions/A/Frameworks/ATS.framework/Versions/A/Resources/libFontRegistry.dylib
0x00000000091b5000 	/System/Library/PrivateFrameworks/AppleVPA.framework/Versions/A/AppleVPA
0x00000000091b5000 	/System/Library/PrivateFrameworks/AppleJPEG.framework/Versions/A/AppleJPEG
0x00000000091b5000 	/System/Library/Frameworks/ImageIO.framework/Versions/A/Resources/libJPEG.dylib
0x00000000091b5000 	/System/Library/Frameworks/ImageIO.framework/Versions/A/Resources/libTIFF.dylib
0x00000000091b5000 	/System/Library/Frameworks/ImageIO.framework/Versions/A/Resources/libPng.dylib
0x00000000091b5000 	/System/Library/Frameworks/ImageIO.framework/Versions/A/Resources/libGIF.dylib
0x00000000091b5000 	/System/Library/Frameworks/ImageIO.framework/Versions/A/Resources/libJP2.dylib
0x00000000091b5000 	/System/Library/Frameworks/ImageIO.framework/Versions/A/Resources/libRadiance.dylib
0x00000000091b5000 	/System/Library/Frameworks/CoreVideo.framework/Versions/A/CoreVideo
0x00000000091b5000 	/System/Library/Frameworks/OpenGL.framework/Versions/A/Libraries/libGLU.dylib
0x00000000091b5000 	/System/Library/Frameworks/OpenGL.framework/Versions/A/Libraries/libGFXShared.dylib
0x00000000091b5000 	/System/Library/Frameworks/OpenGL.framework/Versions/A/Libraries/libGL.dylib
0x00000000091b5000 	/System/Library/Frameworks/OpenGL.framework/Versions/A/Libraries/libGLImage.dylib
0x00000000091b5000 	/System/Library/Frameworks/OpenGL.framework/Versions/A/Libraries/libCVMSPluginSupport.dylib
0x00000000091b5000 	/System/Library/Frameworks/OpenGL.framework/Versions/A/Libraries/libCoreVMClient.dylib
0x00000000091b5000 	/usr/lib/libcups.2.dylib
0x00000000091b5000 	/System/Library/Frameworks/Kerberos.framework/Versions/A/Kerberos
0x00000000091b5000 	/System/Library/Frameworks/GSS.framework/Versions/A/GSS
0x00000000091b5000 	/usr/lib/libresolv.9.dylib
0x00000000091b5000 	/usr/lib/libiconv.2.dylib
0x00000000091b5000 	/System/Library/PrivateFrameworks/Heimdal.framework/Versions/A/Heimdal
0x00000000091b5000 	/usr/lib/libheimdal-asn1.dylib
0x00000000091b5000 	/System/Library/Frameworks/OpenDirectory.framework/Versions/A/OpenDirectory
0x00000000091b5000 	/System/Library/PrivateFrameworks/CommonAuth.framework/Versions/A/CommonAuth
0x00000000091b5000 	/System/Library/Frameworks/OpenDirectory.framework/Versions/A/Frameworks/CFOpenDirectory.framework/Versions/A/CFOpenDirectory
0x00000000091b5000 	/System/Library/Frameworks/SecurityFoundation.framework/Versions/A/SecurityFoundation
0x00000000091b5000 	/System/Library/PrivateFrameworks/LanguageModeling.framework/Versions/A/LanguageModeling
0x00000000091b5000 	/usr/lib/libcmph.dylib
0x00000000091b5000 	/System/Library/Frameworks/ServiceManagement.framework/Versions/A/ServiceManagement
0x00000000091b5000 	/usr/lib/libxslt.1.dylib
0x00000000091b5000 	/System/Library/Frameworks/Carbon.framework/Versions/A/Frameworks/Ink.framework/Versions/A/Ink
0x00000000091b5000 	/System/Library/Frameworks/QuartzCore.framework/Versions/A/Frameworks/CoreImage.framework/Versions/A/CoreImage
0x00000000091b5000 	/System/Library/PrivateFrameworks/CrashReporterSupport.framework/Versions/A/CrashReporterSupport
0x00000000091b5000 	/System/Library/Frameworks/OpenCL.framework/Versions/A/OpenCL
0x00000000091b5000 	/System/Library/PrivateFrameworks/FaceCore.framework/Versions/A/FaceCore
0x00000000091b5000 	/System/Library/PrivateFrameworks/Ubiquity.framework/Versions/A/Ubiquity
0x00000000091b5000 	/System/Library/PrivateFrameworks/IconServices.framework/Versions/A/IconServices
0x00000000091b5000 	/System/Library/PrivateFrameworks/ChunkingLibrary.framework/Versions/A/ChunkingLibrary
0x00000000091b5000 	/System/Library/PrivateFrameworks/Apple80211.framework/Versions/A/Apple80211
0x00000000091b5000 	/System/Library/Frameworks/CoreWLAN.framework/Versions/A/CoreWLAN
0x00000000091b5000 	/System/Library/Frameworks/IOBluetooth.framework/Versions/A/IOBluetooth
0x00000000091b5000 	/System/Library/PrivateFrameworks/CoreWiFi.framework/Versions/A/CoreWiFi
0x00000000091b5000 	/System/Library/Frameworks/CoreBluetooth.framework/Versions/A/CoreBluetooth
0x00000000091b5000 	/System/Library/PrivateFrameworks/DebugSymbols.framework/Versions/A/DebugSymbols
0x00000000091b5000 	/System/Library/PrivateFrameworks/CoreSymbolication.framework/Versions/A/CoreSymbolication
0x00000000091b5000 	/System/Library/PrivateFrameworks/Symbolication.framework/Versions/A/Symbolication
0x00000000091b5000 	/System/Library/PrivateFrameworks/SpeechRecognitionCore.framework/Versions/A/SpeechRecognitionCore
0x0000000108c00000 	/Library/Java/JavaVirtualMachines/jdk1.7.0_25.jdk/Contents/Home/jre/lib/server/libjvm.dylib
0x00000000091b5000 	/usr/lib/libstdc++.6.dylib
0x00000001083b6000 	/Library/Java/JavaVirtualMachines/jdk1.7.0_25.jdk/Contents/Home/jre/lib/libverify.dylib
0x00000001083c3000 	/Library/Java/JavaVirtualMachines/jdk1.7.0_25.jdk/Contents/Home/jre/lib/libjava.dylib
0x00000001097ac000 	/Library/Java/JavaVirtualMachines/jdk1.7.0_25.jdk/Contents/Home/jre/lib/libzip.dylib
0x000000010cf6f000 	/System/Library/Frameworks/JavaVM.framework/Frameworks/JavaRuntimeSupport.framework/JavaRuntimeSupport
0x000000010cf87000 	/System/Library/Frameworks/JavaVM.framework/Versions/A/Frameworks/JavaNativeFoundation.framework/Versions/A/JavaNativeFoundation
0x000000010cf9c000 	/System/Library/Frameworks/JavaVM.framework/Versions/A/JavaVM
0x00000000091b5000 	/System/Library/Frameworks/Carbon.framework/Versions/A/Carbon
0x000000010cfa9000 	/System/Library/PrivateFrameworks/JavaLaunching.framework/Versions/A/JavaLaunching
0x00000000091b5000 	/System/Library/Frameworks/Carbon.framework/Versions/A/Frameworks/CommonPanels.framework/Versions/A/CommonPanels
0x00000000091b5000 	/System/Library/Frameworks/Carbon.framework/Versions/A/Frameworks/Help.framework/Versions/A/Help
0x00000000091b5000 	/System/Library/Frameworks/Carbon.framework/Versions/A/Frameworks/ImageCapture.framework/Versions/A/ImageCapture
0x00000000091b5000 	/System/Library/Frameworks/Carbon.framework/Versions/A/Frameworks/OpenScripting.framework/Versions/A/OpenScripting
0x00000000091b5000 	/System/Library/Frameworks/Carbon.framework/Versions/A/Frameworks/Print.framework/Versions/A/Print
0x00000000091b5000 	/System/Library/Frameworks/Carbon.framework/Versions/A/Frameworks/SecurityHI.framework/Versions/A/SecurityHI
0x000000010ee09000 	/Library/Java/JavaVirtualMachines/jdk1.7.0_25.jdk/Contents/Home/jre/lib/libawt.dylib
0x000000010eeb9000 	/Library/Java/JavaVirtualMachines/jdk1.7.0_25.jdk/Contents/Home/jre/lib/./libmlib_image.dylib
0x000000010ef85000 	/Library/Java/JavaVirtualMachines/jdk1.7.0_25.jdk/Contents/Home/jre/lib/lwawt/liblwawt.dylib
0x000000010f038000 	/Library/Java/JavaVirtualMachines/jdk1.7.0_25.jdk/Contents/Home/jre/lib/libosxapp.dylib
0x00000000091b5000 	/System/Library/Frameworks/ExceptionHandling.framework/Versions/A/ExceptionHandling
0x00000000091b5000 	/System/Library/PrivateFrameworks/CoreServicesInternal.framework/Versions/A/CoreServicesInternal
0x00000000091b5000 	/System/Library/PrivateFrameworks/CloudDocs.framework/Versions/A/CloudDocs
0x00000000091b5000 	/System/Library/PrivateFrameworks/CoreDuet.framework/Versions/A/CoreDuet
0x00000000091b5000 	/System/Library/Frameworks/CloudKit.framework/Versions/A/CloudKit
0x00000000091b5000 	/System/Library/PrivateFrameworks/ProtocolBuffer.framework/Versions/A/ProtocolBuffer
0x00000000091b5000 	/System/Library/PrivateFrameworks/CoreDuetDaemonProtocol.framework/Versions/A/CoreDuetDaemonProtocol
0x00000000091b5000 	/System/Library/PrivateFrameworks/CoreDuetDebugLogging.framework/Versions/A/CoreDuetDebugLogging
0x00000000091b5000 	/System/Library/PrivateFrameworks/MMCS.framework/Versions/A/MMCS
0x00000000091b5000 	/System/Library/Frameworks/CoreLocation.framework/Versions/A/CoreLocation
0x00000000091b5000 	/System/Library/PrivateFrameworks/ProtectedCloudStorage.framework/Versions/A/ProtectedCloudStorage
0x00000000091b5000 	/System/Library/PrivateFrameworks/GeoServices.framework/Versions/A/GeoServices
0x00000000091b5000 	/System/Library/Frameworks/CoreGraphics.framework/Versions/A/Resources/libCGCMS.A.dylib
0x00000000091b5000 	/System/Library/Frameworks/CoreGraphics.framework/Versions/A/Resources/libRIP.A.dylib
0x00000000091b5000 	/System/Library/Frameworks/CoreGraphics.framework/Versions/A/Resources/libCGXType.A.dylib
0x00000000091b5000 	/System/Library/Frameworks/OpenCL.framework/Versions/A/Libraries/libcldcpuengine.dylib
0x00000000091b5000 	/System/Library/PrivateFrameworks/DiskImages.framework/Versions/A/DiskImages
0x00000000091b5000 	/System/Library/Frameworks/DiscRecording.framework/Versions/A/DiscRecording
0x00000000091b5000 	/usr/lib/libcsfde.dylib
0x00000000091b5000 	/usr/lib/libcurl.4.dylib
0x00000000091b5000 	/System/Library/PrivateFrameworks/MediaKit.framework/Versions/A/MediaKit
0x00000000091b5000 	/usr/lib/libCoreStorage.dylib
0x00000000091b5000 	/System/Library/PrivateFrameworks/EFILogin.framework/Versions/A/EFILogin
0x00000000091b5000 	/usr/lib/libutil.dylib
0x00000000091b5000 	/System/Library/PrivateFrameworks/FindMyDevice.framework/Versions/A/FindMyDevice
0x00000000091b5000 	/System/Library/Frameworks/LDAP.framework/Versions/A/LDAP
0x00000000091b5000 	/usr/lib/libsasl2.2.dylib
0x00000000091b5000 	/System/Library/PrivateFrameworks/CoreDaemon.framework/Versions/B/CoreDaemon
0x00000000091b5000 	/usr/lib/libcrypto.0.9.8.dylib
0x00000000091b5000 	/System/Library/PrivateFrameworks/AppleSRP.framework/Versions/A/AppleSRP
0x00000000091b5000 	/System/Library/PrivateFrameworks/TrustEvaluationAgent.framework/Versions/A/TrustEvaluationAgent
0x0000000112110000 	cl_kernels
0x0000000112112000 	/System/Library/Frameworks/OpenCL.framework/Versions/A/Libraries/ImageFormats/unorm8_bgra.dylib
0x0000000112101000 	cl_kernels
0x00000000091b5000 	/System/Library/PrivateFrameworks/FamilyControls.framework/Versions/A/FamilyControls
0x00000000091b5000 	/System/Library/PrivateFrameworks/CommerceKit.framework/Versions/A/Frameworks/CommerceCore.framework/Versions/A/CommerceCore
0x00000000091b5000 	/System/Library/PrivateFrameworks/SystemAdministration.framework/Versions/A/SystemAdministration
0x00000000091b5000 	/System/Library/PrivateFrameworks/AppContainer.framework/Versions/A/AppContainer
0x00000000091b5000 	/System/Library/PrivateFrameworks/SecCodeWrapper.framework/Versions/A/SecCodeWrapper
0x00000000091b5000 	/System/Library/Frameworks/DirectoryService.framework/Versions/A/DirectoryService
0x00000000091b5000 	/System/Library/PrivateFrameworks/LoginUIKit.framework/Versions/A/Frameworks/LoginUICore.framework/Versions/A/LoginUICore
0x00000000091b5000 	/usr/lib/libodfde.dylib
0x000000011163f000 	/Library/Java/JavaVirtualMachines/jdk1.7.0_25.jdk/Contents/Home/jre/lib/libnio.dylib
0x000000011164e000 	/Library/Java/JavaVirtualMachines/jdk1.7.0_25.jdk/Contents/Home/jre/lib/./libnet.dylib
0x00000001133a3000 	/Library/Java/JavaVirtualMachines/jdk1.7.0_25.jdk/Contents/Home/jre/lib/libfontmanager.dylib
0x0000000112105000 	/Library/Java/JavaVirtualMachines/jdk1.7.0_25.jdk/Contents/Home/jre/lib/libosxui.dylib

VM Arguments:
jvm_args: -Dfile.encoding=UTF-8 
java_command: WikiBots.InterwikiBot
Launcher Type: SUN_STANDARD

Environment Variables:
PATH=/usr/bin:/bin:/usr/sbin:/sbin
SHELL=/bin/bash
DISPLAY=/private/tmp/com.apple.launchd.n7MxxjrHTI/org.macosforge.xquartz:0

Signal Handlers:
SIGSEGV: [libjvm.dylib+0x4a820f], sa_mask[0]=0xfffefeff, sa_flags=0x00000042
SIGBUS: [libjvm.dylib+0x4a820f], sa_mask[0]=0xfffefeff, sa_flags=0x00000042
SIGFPE: [libjvm.dylib+0x3b7495], sa_mask[0]=0xfffefeff, sa_flags=0x00000042
SIGPIPE: [libjvm.dylib+0x3b7495], sa_mask[0]=0xfffefeff, sa_flags=0x00000042
SIGXFSZ: [libjvm.dylib+0x3b7495], sa_mask[0]=0xfffefeff, sa_flags=0x00000042
SIGILL: [libjvm.dylib+0x3b7495], sa_mask[0]=0xfffefeff, sa_flags=0x00000042
SIGUSR1: SIG_DFL, sa_mask[0]=0x00000000, sa_flags=0x00000000
SIGUSR2: [libjvm.dylib+0x3b702e], sa_mask[0]=0x00000004, sa_flags=0x00000042
SIGHUP: [libjvm.dylib+0x3b528f], sa_mask[0]=0xfffefeff, sa_flags=0x00000042
SIGINT: [libjvm.dylib+0x3b528f], sa_mask[0]=0xfffefeff, sa_flags=0x00000042
SIGTERM: [libjvm.dylib+0x3b528f], sa_mask[0]=0xfffefeff, sa_flags=0x00000042
SIGQUIT: [libjvm.dylib+0x3b528f], sa_mask[0]=0xfffefeff, sa_flags=0x00000042


---------------  S Y S T E M  ---------------

OS:Bsduname:Darwin 14.4.0 Darwin Kernel Version 14.4.0: Thu May 28 11:35:04 PDT 2015; root:xnu-2782.30.5~1/RELEASE_X86_64 x86_64
rlimit: STACK 8192k, CORE 0k, NPROC 709, NOFILE 10240, AS infinity
load average:2.61 2.68 2.30

CPU:total 4 (2 cores per cpu, 2 threads per core) family 6 model 58 stepping 9, cmov, cx8, fxsr, mmx, sse, sse2, sse3, ssse3, sse4.1, sse4.2, popcnt, avx, ht, tsc, tscinvbit, tscinv

Memory: 4k page, physical 1383232k(345808k free)

/proc/meminfo:


vm_info: Java HotSpot(TM) 64-Bit Server VM (23.25-b01) for bsd-amd64 JRE (1.7.0_25-b15), built on Jun  5 2013 22:26:36 by "java_re" with gcc 4.2.1 (Based on Apple Inc. build 5658) (LLVM build 2336.11.00)

time: Sun Nov  1 20:40:26 2015
elapsed time: 0 seconds

